=== ЗАПУСК ИГРЫ WORDLE ===
Загрузка словаря из файла: words_ru.txt
Успешно загружено 4165 слов
Словарь создан, слов: 4165
Выбрано случайное слово: севцы
Игра создана, загаданное слово: севцы
Проверка слова: лодка -> ----- (осталось попыток: 5)
Догадка: лодка -> -----
=== СОСТОЯНИЕ ФИЛЬТРА ПОДСКАЗОК ===
   Попытки: 1
   Известные позиции: нет
   Присутствующие буквы: []
   Отсутствующие буквы: [а, д, к, л, о]
   Минимальные количества букв: {}
Пользователь запросил подсказку: бегун
Проверка слова: бегун -> -+--- (осталось попыток: 4)
Догадка: бегун -> -+---
=== СОСТОЯНИЕ ФИЛЬТРА ПОДСКАЗОК ===
   Попытки: 2
   Известные позиции: поз.1=е 
   Присутствующие буквы: [е]
   Отсутствующие буквы: [а, б, г, у, д, к, л, н, о]
   Минимальные количества букв: {е=1}
Пользователь запросил подсказку: везир
Проверка слова: везир -> ^+--- (осталось попыток: 3)
Догадка: везир -> ^+---
=== СОСТОЯНИЕ ФИЛЬТРА ПОДСКАЗОК ===
   Попытки: 3
   Известные позиции: поз.1=е 
   Присутствующие буквы: [в, е]
   Отсутствующие буквы: [а, р, б, г, у, д, з, и, к, л, н, о]
   Минимальные количества букв: {е=1, в=1}
Пользователь запросил подсказку: весть
Проверка слова: весть -> ^+^-- (осталось попыток: 2)
Догадка: весть -> ^+^--
=== СОСТОЯНИЕ ФИЛЬТРА ПОДСКАЗОК ===
   Попытки: 4
   Известные позиции: поз.1=е 
   Присутствующие буквы: [с, в, е]
   Отсутствующие буквы: [р, т, у, ь, а, б, г, д, з, и, к, л, н, о]
   Минимальные количества букв: {с=1, е=1, в=1}
Пользователь запросил подсказку: севцы
Проверка слова: севцы -> +++++ (осталось попыток: 1)
Догадка: севцы -> +++++
Игра выиграна! Слово: севцы
=== ИГРА ЗАВЕРШЕНA ===
